<?xml version="1.0" encoding="UTF-8"?>
<!-- Generated by org.testng.reporters.JUnitReportReporter -->
<testsuite hostname="Vishuu" failures="0" tests="1" name="runner.TestRunner" time="5.684" errors="0" timestamp="2025-07-19T19:18:31 IST" skipped="0">
  <testcase classname="runner.TestRunner" name="runScenario" time="5.684"/>
</testsuite> <!-- runner.TestRunner -->
